<?xml version="1.0" encoding="UTF-8"?>
<!-- Generated by org.testng.reporters.JUnitReportReporter -->
<testsuite hostname="Munna" failures="0" tests="1" name="practiceForTestNG.SampleTestforScreenShot" time="12.822" errors="0" timestamp="2022-01-22T16:40:34 IST" skipped="0">
  <testcase classname="practiceForTestNG.SampleTestforScreenShot" name="verifyHomePage" time="12.822"/>
  <system-out/>
</testsuite> <!-- practiceForTestNG.SampleTestforScreenShot -->
