<?xml version="1.0" encoding="UTF-8"?>
<!-- Generated by org.testng.reporters.JUnitReportReporter -->
<testsuite hostname="Munna" failures="0" tests="5" name="practiceForTestNG.BookTicket" time="0.030" errors="0" timestamp="2022-01-22T12:50:07 IST" skipped="0">
  <testcase classname="practiceForTestNG.BookTicket" name="bookTicketTest" time="0.021"/>
  <system-out/>
  <testcase classname="practiceForTestNG.BookTicket" name="bookTicketTest" time="0.003"/>
  <system-out/>
  <testcase classname="practiceForTestNG.BookTicket" name="bookTicketTest" time="0.002"/>
  <system-out/>
  <testcase classname="practiceForTestNG.BookTicket" name="bookTicketTest" time="0.001"/>
  <system-out/>
  <testcase classname="practiceForTestNG.BookTicket" name="bookTicketTest" time="0.003"/>
  <system-out/>
</testsuite> <!-- practiceForTestNG.BookTicket -->
